C:\USERS\USER\DESKTOP\IGRSPHICS ASSIGNEMT 6\TASK\DEBUG\TASK.EXE
C:\USERS\USER\DESKTOP\IGRSPHICS ASSIGNEMT 6\TASK\DEBUG\TASK.ILK
C:\USERS\USER\DESKTOP\IGRSPHICS ASSIGNEMT 6\TASK\DEBUG\TASK.PDB
C:\USERS\USER\DESKTOP\IGRSPHICS ASSIGNEMT 6\TASK\TASK\DEBUG\IMAIN.OBJ
C:\USERS\USER\DESKTOP\IGRSPHICS ASSIGNEMT 6\TASK\TASK\DEBUG\TASK.EXE.INTERMEDIATE.MANIFEST
C:\USERS\USER\DESKTOP\IGRSPHICS ASSIGNEMT 6\TASK\TASK\DEBUG\VC100.PDB
S:\SADIQ PACMAN PRACTISE\DEBUG\SADIQ PACMAN PRACTISE.EXE
S:\SADIQ PACMAN PRACTISE\DEBUG\SADIQ PACMAN PRACTISE.ILK
S:\SADIQ PACMAN PRACTISE\DEBUG\SADIQ PACMAN PRACTISE.PDB
S:\SADIQ PACMAN PRACTISE\SADIQ PACMAN PRACTISE\Debug\cl.command.1.tlog
S:\SADIQ PACMAN PRACTISE\SADIQ PACMAN PRACTISE\Debug\CL.read.1.tlog
S:\SADIQ PACMAN PRACTISE\SADIQ PACMAN PRACTISE\Debug\CL.write.1.tlog
S:\SADIQ PACMAN PRACTISE\SADIQ PACMAN PRACTISE\DEBUG\IMAIN.OBJ
S:\SADIQ PACMAN PRACTISE\SADIQ PACMAN PRACTISE\Debug\link.command.1.tlog
S:\SADIQ PACMAN PRACTISE\SADIQ PACMAN PRACTISE\Debug\link.read.1.tlog
S:\SADIQ PACMAN PRACTISE\SADIQ PACMAN PRACTISE\Debug\link.write.1.tlog
S:\SADIQ PACMAN PRACTISE\SADIQ PACMAN PRACTISE\Debug\mt.command.1.tlog
S:\SADIQ PACMAN PRACTISE\SADIQ PACMAN PRACTISE\Debug\mt.read.1.tlog
S:\SADIQ PACMAN PRACTISE\SADIQ PACMAN PRACTISE\Debug\mt.write.1.tlog
S:\SADIQ PACMAN PRACTISE\SADIQ PACMAN PRACTISE\DEBUG\SADIQ PACMAN PRACTISE.EXE.INTERMEDIATE.MANIFEST
S:\SADIQ PACMAN PRACTISE\SADIQ PACMAN PRACTISE\Debug\SADIQ PACMAN PRACTISE.vcxprojResolveAssemblyReference.cache
S:\SADIQ PACMAN PRACTISE\SADIQ PACMAN PRACTISE\Debug\SADIQ PACMAN PRACTISE.write.1.tlog
S:\SADIQ PACMAN PRACTISE\SADIQ PACMAN PRACTISE\Debug\TASK.exe.intermediate.manifest
S:\SADIQ PACMAN PRACTISE\SADIQ PACMAN PRACTISE\Debug\TASK.vcxprojResolveAssemblyReference.cache
S:\SADIQ PACMAN PRACTISE\SADIQ PACMAN PRACTISE\Debug\TASK.write.1.tlog
S:\SADIQ PACMAN PRACTISE\SADIQ PACMAN PRACTISE\Debug\vc100.idb
S:\SADIQ PACMAN PRACTISE\SADIQ PACMAN PRACTISE\DEBUG\VC100.PDB
