Build started 3/6/2019 12:46:29 AM.
     1>Project "C:\Users\user\Desktop\iGrsphics Assignemt 6\TASK\TASK\TASK.vcxproj" on node 2 (build target(s)).
     1>InitializeBuildStatus:
         Creating "Debug\TASK.unsuccessfulbuild" because "AlwaysCreate" was specified.
       ClCompile:
         C:\Program Files (x86)\Microsoft Visual Studio 10.0\VC\bin\CL.exe /c /ZI /nologo /W3 /WX- /Od /Oy- /D _MBCS /Gm /EHsc /RTC1 /MDd /GS /fp:precise /Zc:wchar_t /Zc:forScope /Fo"Debug\\" /Fd"Debug\vc100.pdb" /Gd /TP /analyze- /errorReport:prompt iMain.cpp
         Skipping... (no relevant changes detected)
         iMain.cpp
       Link:
         C:\Program Files (x86)\Microsoft Visual Studio 10.0\VC\bin\link.exe /ERRORREPORT:PROMPT /OUT:"C:\Users\user\Desktop\iGrsphics Assignemt 6\TASK\Debug\TASK.exe" /NOLOGO kernel32.lib user32.lib gdi32.lib winspool.lib comdlg32.lib advapi32.lib shell32.lib ole32.lib oleaut32.lib uuid.lib odbc32.lib odbccp32.lib /MANIFEST /ManifestFile:"Debug\TASK.exe.intermediate.manifest" /MANIFESTUAC:"level='asInvoker' uiAccess='false'" /DEBUG /PDB:"C:\Users\user\Desktop\iGrsphics Assignemt 6\TASK\Debug\TASK.pdb" /TLBID:1 /DYNAMICBASE /NXCOMPAT /IMPLIB:"C:\Users\user\Desktop\iGrsphics Assignemt 6\TASK\Debug\TASK.lib" /MACHINE:X86 Debug\iMain.obj
         LINK : C:\Users\user\Desktop\iGrsphics Assignemt 6\TASK\Debug\TASK.exe not found or not built by the last incremental link; performing full link
         TASK.vcxproj -> C:\Users\user\Desktop\iGrsphics Assignemt 6\TASK\Debug\TASK.exe
       Manifest:
         C:\Program Files (x86)\Microsoft SDKs\Windows\v7.0A\bin\mt.exe /nologo /verbose /outputresource:"C:\Users\user\Desktop\iGrsphics Assignemt 6\TASK\Debug\TASK.exe;#1" /manifest Debug\TASK.exe.intermediate.manifest
       FinalizeBuildStatus:
         Deleting file "Debug\TASK.unsuccessfulbuild".
         Touching "Debug\TASK.lastbuildstate".
     1>Done Building Project "C:\Users\user\Desktop\iGrsphics Assignemt 6\TASK\TASK\TASK.vcxproj" (build target(s)).

Build succeeded.

Time Elapsed 00:00:07.76
